Tue May 21 12:49:47 2019 - *** Starting uWSGI 2.0.14-debian (64bit) on [Tue May 21 12:49:47 2019] ***
Tue May 21 12:49:47 2019 - compiled with version: 6.3.0 20170516 on 17 March 2018 15:41:47
Tue May 21 12:49:47 2019 - os: Linux-4.9.0-8-amd64 #1 SMP Debian 4.9.110-3+deb9u6 (2018-10-08)
Tue May 21 12:49:47 2019 - nodename: cobalt
Tue May 21 12:49:47 2019 - machine: x86_64
Tue May 21 12:49:47 2019 - clock source: unix
Tue May 21 12:49:47 2019 - pcre jit disabled
Tue May 21 12:49:47 2019 - detected number of CPU cores: 12
Tue May 21 12:49:47 2019 - current working directory: /home/hosting_edirab/projects/basyapinkman-python-uwsgi
Tue May 21 12:49:47 2019 - writing pidfile to /var/run/uwsgi/hosting_edirab/basyapinkman-python-uwsgi.edirab.pid
Tue May 21 12:49:47 2019 - detected binary path: /usr/bin/uwsgi-core
Tue May 21 12:49:47 2019 - chdir() to /home/hosting_edirab/projects/basyapinkman-python-uwsgi
Tue May 21 12:49:47 2019 - your processes number limit is 80
Tue May 21 12:49:47 2019 - your memory page size is 4096 bytes
Tue May 21 12:49:47 2019 - detected max file descriptor number: 1024
Tue May 21 12:49:47 2019 - lock engine: pthread robust mutexes
Tue May 21 12:49:47 2019 - thunder lock: disabled (you can enable it with --thunder-lock)
Tue May 21 12:49:47 2019 - uwsgi socket 0 bound to UNIX address /var/sockets/hosting_edirab/basyapinkman-python-uwsgi.edirab.sock fd 3
Tue May 21 12:49:47 2019 - Python version: 2.7.13 (default, Sep 26 2018, 18:42:22)  [GCC 6.3.0 20170516]
Tue May 21 12:49:47 2019 - Set PythonHome to /home/hosting_edirab/projects/basyapinkman-python-uwsgi/env
Tue May 21 12:49:47 2019 - Python main interpreter initialized at 0x55c9c7b70380
Tue May 21 12:49:47 2019 - python threads support enabled
Tue May 21 12:49:47 2019 - your server socket listen backlog is limited to 100 connections
Tue May 21 12:49:47 2019 - your mercy for graceful operations on workers is 60 seconds
Tue May 21 12:49:47 2019 - mapped 304320 bytes (297 KB) for 2 cores
Tue May 21 12:49:47 2019 - *** Operational MODE: preforking ***
Tue May 21 09:49:47 2019 - WSGI app 0 (mountpoint='') ready in 0 seconds on interpreter 0x55c9c7b70380 pid: 22974 (default app)
Tue May 21 09:49:47 2019 - *** uWSGI is running in multiple interpreter mode ***
Tue May 21 09:49:47 2019 - spawned uWSGI master process (pid: 22974)
Tue May 21 09:49:47 2019 - spawned uWSGI worker 1 (pid: 22981, cores: 1)
Tue May 21 09:49:47 2019 - spawned uWSGI worker 2 (pid: 22982, cores: 1)
Tue May 21 09:50:25 2019 - SIGINT/SIGQUIT received...killing workers...
Tue May 21 09:50:26 2019 - worker 1 buried after 1 seconds
Tue May 21 09:50:26 2019 - worker 2 buried after 1 seconds
Tue May 21 09:50:26 2019 - goodbye to uWSGI.
Tue May 21 12:50:27 2019 - *** Starting uWSGI 2.0.14-debian (64bit) on [Tue May 21 12:50:26 2019] ***
Tue May 21 12:50:27 2019 - compiled with version: 6.3.0 20170516 on 17 March 2018 15:41:47
Tue May 21 12:50:27 2019 - os: Linux-4.9.0-8-amd64 #1 SMP Debian 4.9.110-3+deb9u6 (2018-10-08)
Tue May 21 12:50:27 2019 - nodename: cobalt
Tue May 21 12:50:27 2019 - machine: x86_64
Tue May 21 12:50:27 2019 - clock source: unix
Tue May 21 12:50:27 2019 - pcre jit disabled
Tue May 21 12:50:27 2019 - detected number of CPU cores: 12
Tue May 21 12:50:27 2019 - current working directory: /home/hosting_edirab/projects/basyapinkman-python-uwsgi
Tue May 21 12:50:27 2019 - writing pidfile to /var/run/uwsgi/hosting_edirab/basyapinkman-python-uwsgi.edirab.pid
Tue May 21 12:50:27 2019 - detected binary path: /usr/bin/uwsgi-core
Tue May 21 12:50:27 2019 - chdir() to /home/hosting_edirab/projects/basyapinkman-python-uwsgi
Tue May 21 12:50:27 2019 - your processes number limit is 80
Tue May 21 12:50:27 2019 - your memory page size is 4096 bytes
Tue May 21 12:50:27 2019 - detected max file descriptor number: 1024
Tue May 21 12:50:27 2019 - lock engine: pthread robust mutexes
Tue May 21 12:50:27 2019 - thunder lock: disabled (you can enable it with --thunder-lock)
Tue May 21 12:50:27 2019 - uwsgi socket 0 bound to UNIX address /var/sockets/hosting_edirab/basyapinkman-python-uwsgi.edirab.sock fd 3
Tue May 21 12:50:27 2019 - Python version: 3.5.3 (default, Sep 27 2018, 17:25:39)  [GCC 6.3.0 20170516]
Tue May 21 12:50:27 2019 - Set PythonHome to /home/hosting_edirab/projects/basyapinkman-python-uwsgi/env
Tue May 21 12:50:27 2019 - Python main interpreter initialized at 0x5652ab1d0860
Tue May 21 12:50:27 2019 - python threads support enabled
Tue May 21 12:50:27 2019 - your server socket listen backlog is limited to 100 connections
Tue May 21 12:50:27 2019 - your mercy for graceful operations on workers is 60 seconds
Tue May 21 12:50:27 2019 - mapped 304320 bytes (297 KB) for 2 cores
Tue May 21 12:50:27 2019 - *** Operational MODE: preforking ***
Traceback (most recent call last):
  File "./django_wsgi.py", line 19, in <module>
    from django.core.wsgi import get_wsgi_application
  File "/home/hosting_edirab/projects/basyapinkman-python-uwsgi/env/lib/python3.5/site-packages/django/core/wsgi.py", line 2, in <module>
    from django.core.handlers.wsgi import WSGIHandler
  File "/home/hosting_edirab/projects/basyapinkman-python-uwsgi/env/lib/python3.5/site-packages/django/core/handlers/wsgi.py", line 11, in <module>
    from django import http
  File "/home/hosting_edirab/projects/basyapinkman-python-uwsgi/env/lib/python3.5/site-packages/django/http/__init__.py", line 4, in <module>
    from django.http.response import (HttpResponse, StreamingHttpResponse,
  File "/home/hosting_edirab/projects/basyapinkman-python-uwsgi/env/lib/python3.5/site-packages/django/http/response.py", line 13, in <module>
    from django.core.serializers.json import DjangoJSONEncoder
  File "/home/hosting_edirab/projects/basyapinkman-python-uwsgi/env/lib/python3.5/site-packages/django/core/serializers/__init__.py", line 23, in <module>
    from django.core.serializers.base import SerializerDoesNotExist
  File "/home/hosting_edirab/projects/basyapinkman-python-uwsgi/env/lib/python3.5/site-packages/django/core/serializers/base.py", line 6, in <module>
    from django.db import models
  File "/home/hosting_edirab/projects/basyapinkman-python-uwsgi/env/lib/python3.5/site-packages/django/db/models/__init__.py", line 6, in <module>
    from django.db.models.query import Q, QuerySet, Prefetch  # NOQA
  File "/home/hosting_edirab/projects/basyapinkman-python-uwsgi/env/lib/python3.5/site-packages/django/db/models/query.py", line 13, in <module>
    from django.db.models.fields import AutoField, Empty
  File "/home/hosting_edirab/projects/basyapinkman-python-uwsgi/env/lib/python3.5/site-packages/django/db/models/fields/__init__.py", line 18, in <module>
    from django import forms
  File "/home/hosting_edirab/projects/basyapinkman-python-uwsgi/env/lib/python3.5/site-packages/django/forms/__init__.py", line 6, in <module>
    from django.forms.fields import *  # NOQA
  File "/home/hosting_edirab/projects/basyapinkman-python-uwsgi/env/lib/python3.5/site-packages/django/forms/fields.py", line 18, in <module>
    from django.forms.utils import from_current_timezone, to_current_timezone
  File "/home/hosting_edirab/projects/basyapinkman-python-uwsgi/env/lib/python3.5/site-packages/django/forms/utils.py", line 15, in <module>
    from django.utils.html import format_html, format_html_join, escape
  File "/home/hosting_edirab/projects/basyapinkman-python-uwsgi/env/lib/python3.5/site-packages/django/utils/html.py", line 16, in <module>
    from .html_parser import HTMLParser, HTMLParseError
  File "/home/hosting_edirab/projects/basyapinkman-python-uwsgi/env/lib/python3.5/site-packages/django/utils/html_parser.py", line 12, in <module>
    HTMLParseError = _html_parser.HTMLParseError
AttributeError: module 'html.parser' has no attribute 'HTMLParseError'
Tue May 21 12:50:27 2019 - unable to load app 0 (mountpoint='') (callable not found or import error)
Tue May 21 12:50:27 2019 - *** no app loaded. going in full dynamic mode ***
Tue May 21 12:50:27 2019 - *** uWSGI is running in multiple interpreter mode ***
Tue May 21 12:50:27 2019 - spawned uWSGI master process (pid: 26465)
Tue May 21 12:50:27 2019 - spawned uWSGI worker 1 (pid: 26469, cores: 1)
Tue May 21 12:50:27 2019 - spawned uWSGI worker 2 (pid: 26470, cores: 1)
Tue May 21 13:01:57 2019 - --- no python application found, check your startup logs for errors ---
[pid: 26469|app: -1|req: -1/1] 176.14.120.245 () {52 vars in 867 bytes} [Tue May 21 13:01:57 2019] GET / => generated 21 bytes in 0 msecs (HTTP/1.1 500) 2 headers in 83 bytes (0 switches on core 0)
Tue May 21 13:01:57 2019 - --- no python application found, check your startup logs for errors ---
[pid: 26469|app: -1|req: -1/2] 176.14.120.245 () {52 vars in 849 bytes} [Tue May 21 13:01:57 2019] GET /favicon.ico => generated 21 bytes in 0 msecs (HTTP/1.1 500) 2 headers in 83 bytes (0 switches on core 0)
Tue May 21 13:03:03 2019 - --- no python application found, check your startup logs for errors ---
[pid: 26469|app: -1|req: -1/3] 176.14.120.245 () {54 vars in 911 bytes} [Tue May 21 13:03:03 2019] GET / => generated 21 bytes in 0 msecs (HTTP/1.1 500) 2 headers in 83 bytes (0 switches on core 0)
Tue May 21 13:03:03 2019 - --- no python application found, check your startup logs for errors ---
[pid: 26469|app: -1|req: -1/4] 176.14.120.245 () {52 vars in 849 bytes} [Tue May 21 13:03:03 2019] GET /favicon.ico => generated 21 bytes in 0 msecs (HTTP/1.1 500) 2 headers in 83 bytes (0 switches on core 0)
Tue May 21 13:06:50 2019 - --- no python application found, check your startup logs for errors ---
[pid: 26469|app: -1|req: -1/5] 176.14.120.245 () {54 vars in 911 bytes} [Tue May 21 13:06:50 2019] GET / => generated 21 bytes in 0 msecs (HTTP/1.1 500) 2 headers in 83 bytes (0 switches on core 0)
Tue May 21 13:06:50 2019 - --- no python application found, check your startup logs for errors ---
[pid: 26470|app: -1|req: -1/6] 176.14.120.245 () {52 vars in 849 bytes} [Tue May 21 13:06:50 2019] GET /favicon.ico => generated 21 bytes in 0 msecs (HTTP/1.1 500) 2 headers in 83 bytes (0 switches on core 0)
Tue May 21 13:14:59 2019 - --- no python application found, check your startup logs for errors ---
[pid: 26470|app: -1|req: -1/7] 176.14.120.245 () {54 vars in 911 bytes} [Tue May 21 13:14:59 2019] GET / => generated 21 bytes in 0 msecs (HTTP/1.1 500) 2 headers in 83 bytes (0 switches on core 0)
Tue May 21 13:25:29 2019 - --- no python application found, check your startup logs for errors ---
[pid: 26469|app: -1|req: -1/8] 176.14.120.245 () {56 vars in 942 bytes} [Tue May 21 13:25:29 2019] GET / => generated 21 bytes in 0 msecs (HTTP/1.1 500) 2 headers in 83 bytes (0 switches on core 0)
Tue May 21 13:25:29 2019 - --- no python application found, check your startup logs for errors ---
[pid: 26469|app: -1|req: -1/9] 176.14.120.245 () {54 vars in 880 bytes} [Tue May 21 13:25:29 2019] GET /favicon.ico => generated 21 bytes in 0 msecs (HTTP/1.1 500) 2 headers in 83 bytes (0 switches on core 0)
Tue May 21 13:25:30 2019 - --- no python application found, check your startup logs for errors ---
[pid: 26470|app: -1|req: -1/10] 176.14.120.245 () {56 vars in 942 bytes} [Tue May 21 13:25:30 2019] GET / => generated 21 bytes in 0 msecs (HTTP/1.1 500) 2 headers in 83 bytes (0 switches on core 0)
Tue May 21 13:25:30 2019 - --- no python application found, check your startup logs for errors ---
[pid: 26470|app: -1|req: -1/11] 176.14.120.245 () {54 vars in 880 bytes} [Tue May 21 13:25:30 2019] GET /favicon.ico => generated 21 bytes in 0 msecs (HTTP/1.1 500) 2 headers in 83 bytes (0 switches on core 0)
Tue May 21 13:25:30 2019 - --- no python application found, check your startup logs for errors ---
[pid: 26470|app: -1|req: -1/12] 176.14.120.245 () {56 vars in 942 bytes} [Tue May 21 13:25:30 2019] GET / => generated 21 bytes in 0 msecs (HTTP/1.1 500) 2 headers in 83 bytes (0 switches on core 0)
Tue May 21 13:25:30 2019 - --- no python application found, check your startup logs for errors ---
[pid: 26469|app: -1|req: -1/13] 176.14.120.245 () {56 vars in 942 bytes} [Tue May 21 13:25:30 2019] GET / => generated 21 bytes in 0 msecs (HTTP/1.1 500) 2 headers in 83 bytes (0 switches on core 0)
Tue May 21 13:25:30 2019 - --- no python application found, check your startup logs for errors ---
[pid: 26469|app: -1|req: -1/14] 176.14.120.245 () {56 vars in 942 bytes} [Tue May 21 13:25:30 2019] GET / => generated 21 bytes in 0 msecs (HTTP/1.1 500) 2 headers in 83 bytes (0 switches on core 0)
Tue May 21 13:25:31 2019 - --- no python application found, check your startup logs for errors ---
[pid: 26469|app: -1|req: -1/15] 176.14.120.245 () {56 vars in 942 bytes} [Tue May 21 13:25:31 2019] GET / => generated 21 bytes in 0 msecs (HTTP/1.1 500) 2 headers in 83 bytes (0 switches on core 0)
Tue May 21 13:25:31 2019 - --- no python application found, check your startup logs for errors ---
[pid: 26469|app: -1|req: -1/16] 176.14.120.245 () {56 vars in 942 bytes} [Tue May 21 13:25:31 2019] GET / => generated 21 bytes in 0 msecs (HTTP/1.1 500) 2 headers in 83 bytes (0 switches on core 0)
Tue May 21 13:25:31 2019 - --- no python application found, check your startup logs for errors ---
[pid: 26470|app: -1|req: -1/17] 176.14.120.245 () {56 vars in 942 bytes} [Tue May 21 13:25:31 2019] GET / => generated 21 bytes in 0 msecs (HTTP/1.1 500) 2 headers in 83 bytes (0 switches on core 0)
Tue May 21 13:25:31 2019 - --- no python application found, check your startup logs for errors ---
[pid: 26469|app: -1|req: -1/18] 176.14.120.245 () {56 vars in 942 bytes} [Tue May 21 13:25:31 2019] GET / => generated 21 bytes in 0 msecs (HTTP/1.1 500) 2 headers in 83 bytes (0 switches on core 0)
Tue May 21 13:30:47 2019 - --- no python application found, check your startup logs for errors ---
[pid: 26470|app: -1|req: -1/19] 176.14.120.245 () {54 vars in 911 bytes} [Tue May 21 13:30:47 2019] GET / => generated 21 bytes in 0 msecs (HTTP/1.1 500) 2 headers in 83 bytes (0 switches on core 0)
Tue May 21 13:31:06 2019 - SIGINT/SIGQUIT received...killing workers...
Tue May 21 13:31:07 2019 - worker 1 buried after 1 seconds
Tue May 21 13:31:07 2019 - worker 2 buried after 1 seconds
Tue May 21 13:31:07 2019 - goodbye to uWSGI.
Tue May 21 13:31:07 2019 - *** Starting uWSGI 2.0.14-debian (64bit) on [Tue May 21 13:31:07 2019] ***
Tue May 21 13:31:07 2019 - compiled with version: 6.3.0 20170516 on 17 March 2018 15:41:47
Tue May 21 13:31:07 2019 - os: Linux-4.9.0-8-amd64 #1 SMP Debian 4.9.110-3+deb9u6 (2018-10-08)
Tue May 21 13:31:07 2019 - nodename: cobalt
Tue May 21 13:31:07 2019 - machine: x86_64
Tue May 21 13:31:07 2019 - clock source: unix
Tue May 21 13:31:07 2019 - pcre jit disabled
Tue May 21 13:31:07 2019 - detected number of CPU cores: 12
Tue May 21 13:31:07 2019 - current working directory: /home/hosting_edirab/projects/basyapinkman-python-uwsgi
Tue May 21 13:31:07 2019 - writing pidfile to /var/run/uwsgi/hosting_edirab/basyapinkman-python-uwsgi.edirab.pid
Tue May 21 13:31:07 2019 - detected binary path: /usr/bin/uwsgi-core
Tue May 21 13:31:07 2019 - chdir() to /home/hosting_edirab/projects/basyapinkman-python-uwsgi
Tue May 21 13:31:07 2019 - your processes number limit is 80
Tue May 21 13:31:07 2019 - your memory page size is 4096 bytes
Tue May 21 13:31:07 2019 - detected max file descriptor number: 1024
Tue May 21 13:31:07 2019 - lock engine: pthread robust mutexes
Tue May 21 13:31:07 2019 - thunder lock: disabled (you can enable it with --thunder-lock)
Tue May 21 13:31:07 2019 - uwsgi socket 0 bound to UNIX address /var/sockets/hosting_edirab/basyapinkman-python-uwsgi.edirab.sock fd 3
Tue May 21 13:31:07 2019 - Python version: 3.5.3 (default, Sep 27 2018, 17:25:39)  [GCC 6.3.0 20170516]
Tue May 21 13:31:07 2019 - Set PythonHome to /home/hosting_edirab/projects/basyapinkman-python-uwsgi/env
Tue May 21 13:31:07 2019 - Python main interpreter initialized at 0x55bc70f84860
Tue May 21 13:31:07 2019 - python threads support enabled
Tue May 21 13:31:07 2019 - your server socket listen backlog is limited to 100 connections
Tue May 21 13:31:07 2019 - your mercy for graceful operations on workers is 60 seconds
Tue May 21 13:31:07 2019 - mapped 304320 bytes (297 KB) for 2 cores
Tue May 21 13:31:07 2019 - *** Operational MODE: preforking ***
Traceback (most recent call last):
  File "./django_wsgi.py", line 20, in <module>
    application = get_wsgi_application()
  File "/home/hosting_edirab/projects/basyapinkman-python-uwsgi/env/lib/python3.5/site-packages/django/core/wsgi.py", line 12, in get_wsgi_application
    django.setup(set_prefix=False)
  File "/home/hosting_edirab/projects/basyapinkman-python-uwsgi/env/lib/python3.5/site-packages/django/__init__.py", line 24, in setup
    apps.populate(settings.INSTALLED_APPS)
  File "/home/hosting_edirab/projects/basyapinkman-python-uwsgi/env/lib/python3.5/site-packages/django/apps/registry.py", line 114, in populate
    app_config.import_models()
  File "/home/hosting_edirab/projects/basyapinkman-python-uwsgi/env/lib/python3.5/site-packages/django/apps/config.py", line 211, in import_models
    self.models_module = import_module(models_module_name)
  File "/home/hosting_edirab/projects/basyapinkman-python-uwsgi/env/lib/python3.5/importlib/__init__.py", line 126, in import_module
    return _bootstrap._gcd_import(name[level:], package, level)
  File "/home/hosting_edirab/projects/basyapinkman-python-uwsgi/users/models.py", line 11
    return f'{self.user.username} Profile'
                                         ^
SyntaxError: invalid syntax
Tue May 21 10:31:09 2019 - unable to load app 0 (mountpoint='') (callable not found or import error)
Tue May 21 10:31:09 2019 - *** no app loaded. going in full dynamic mode ***
Tue May 21 10:31:09 2019 - *** uWSGI is running in multiple interpreter mode ***
Tue May 21 10:31:09 2019 - spawned uWSGI master process (pid: 5654)
Tue May 21 10:31:09 2019 - spawned uWSGI worker 1 (pid: 5670, cores: 1)
Tue May 21 10:31:09 2019 - spawned uWSGI worker 2 (pid: 5671, cores: 1)
Tue May 21 10:31:12 2019 - --- no python application found, check your startup logs for errors ---
[pid: 5671|app: -1|req: -1/1] 176.14.120.245 () {56 vars in 942 bytes} [Tue May 21 10:31:12 2019] GET / => generated 21 bytes in 0 msecs (HTTP/1.1 500) 2 headers in 83 bytes (0 switches on core 0)
Tue May 21 10:31:12 2019 - --- no python application found, check your startup logs for errors ---
[pid: 5671|app: -1|req: -1/2] 176.14.120.245 () {54 vars in 880 bytes} [Tue May 21 10:31:12 2019] GET /favicon.ico => generated 21 bytes in 0 msecs (HTTP/1.1 500) 2 headers in 83 bytes (0 switches on core 0)
Tue May 21 10:31:15 2019 - --- no python application found, check your startup logs for errors ---
[pid: 5671|app: -1|req: -1/3] 176.14.120.245 () {56 vars in 942 bytes} [Tue May 21 10:31:15 2019] GET / => generated 21 bytes in 0 msecs (HTTP/1.1 500) 2 headers in 83 bytes (0 switches on core 0)
Tue May 21 10:31:15 2019 - --- no python application found, check your startup logs for errors ---
[pid: 5671|app: -1|req: -1/4] 176.14.120.245 () {54 vars in 880 bytes} [Tue May 21 10:31:15 2019] GET /favicon.ico => generated 21 bytes in 0 msecs (HTTP/1.1 500) 2 headers in 83 bytes (0 switches on core 0)
Tue May 21 10:31:15 2019 - --- no python application found, check your startup logs for errors ---
[pid: 5671|app: -1|req: -1/5] 176.14.120.245 () {56 vars in 942 bytes} [Tue May 21 10:31:15 2019] GET / => generated 21 bytes in 0 msecs (HTTP/1.1 500) 2 headers in 83 bytes (0 switches on core 0)
Tue May 21 10:31:15 2019 - --- no python application found, check your startup logs for errors ---
[pid: 5671|app: -1|req: -1/6] 176.14.120.245 () {56 vars in 942 bytes} [Tue May 21 10:31:15 2019] GET / => generated 21 bytes in 0 msecs (HTTP/1.1 500) 2 headers in 83 bytes (0 switches on core 0)
Tue May 21 10:31:16 2019 - --- no python application found, check your startup logs for errors ---
[pid: 5670|app: -1|req: -1/7] 176.14.120.245 () {56 vars in 942 bytes} [Tue May 21 10:31:16 2019] GET / => generated 21 bytes in 0 msecs (HTTP/1.1 500) 2 headers in 83 bytes (0 switches on core 0)
Tue May 21 10:31:16 2019 - --- no python application found, check your startup logs for errors ---
[pid: 5670|app: -1|req: -1/8] 176.14.120.245 () {56 vars in 942 bytes} [Tue May 21 10:31:16 2019] GET / => generated 21 bytes in 0 msecs (HTTP/1.1 500) 2 headers in 83 bytes (0 switches on core 0)
Tue May 21 10:31:16 2019 - --- no python application found, check your startup logs for errors ---
[pid: 5670|app: -1|req: -1/9] 176.14.120.245 () {56 vars in 942 bytes} [Tue May 21 10:31:16 2019] GET / => generated 21 bytes in 0 msecs (HTTP/1.1 500) 2 headers in 83 bytes (0 switches on core 0)
Tue May 21 10:51:13 2019 - --- no python application found, check your startup logs for errors ---
[pid: 5670|app: -1|req: -1/10] 176.14.120.245 () {56 vars in 942 bytes} [Tue May 21 10:51:13 2019] GET / => generated 21 bytes in 0 msecs (HTTP/1.1 500) 2 headers in 83 bytes (0 switches on core 0)
Tue May 21 10:51:15 2019 - --- no python application found, check your startup logs for errors ---
[pid: 5671|app: -1|req: -1/11] 176.14.120.245 () {56 vars in 942 bytes} [Tue May 21 10:51:15 2019] GET / => generated 21 bytes in 0 msecs (HTTP/1.1 500) 2 headers in 83 bytes (0 switches on core 0)
Tue May 21 10:51:15 2019 - --- no python application found, check your startup logs for errors ---
[pid: 5670|app: -1|req: -1/12] 176.14.120.245 () {56 vars in 942 bytes} [Tue May 21 10:51:15 2019] GET / => generated 21 bytes in 0 msecs (HTTP/1.1 500) 2 headers in 83 bytes (0 switches on core 0)
Tue May 21 10:51:15 2019 - --- no python application found, check your startup logs for errors ---
[pid: 5671|app: -1|req: -1/13] 176.14.120.245 () {56 vars in 942 bytes} [Tue May 21 10:51:15 2019] GET / => generated 21 bytes in 0 msecs (HTTP/1.1 500) 2 headers in 83 bytes (0 switches on core 0)
Tue May 21 10:51:15 2019 - --- no python application found, check your startup logs for errors ---
[pid: 5670|app: -1|req: -1/14] 176.14.120.245 () {56 vars in 942 bytes} [Tue May 21 10:51:15 2019] GET / => generated 21 bytes in 0 msecs (HTTP/1.1 500) 2 headers in 83 bytes (0 switches on core 0)
Tue May 21 10:51:16 2019 - --- no python application found, check your startup logs for errors ---
[pid: 5671|app: -1|req: -1/15] 176.14.120.245 () {56 vars in 942 bytes} [Tue May 21 10:51:16 2019] GET / => generated 21 bytes in 0 msecs (HTTP/1.1 500) 2 headers in 83 bytes (0 switches on core 0)
Tue May 21 10:51:17 2019 - SIGINT/SIGQUIT received...killing workers...
Tue May 21 10:51:18 2019 - worker 1 buried after 1 seconds
Tue May 21 10:51:18 2019 - worker 2 buried after 1 seconds
Tue May 21 10:51:18 2019 - goodbye to uWSGI.
Tue May 21 13:51:19 2019 - *** Starting uWSGI 2.0.14-debian (64bit) on [Tue May 21 13:51:19 2019] ***
Tue May 21 13:51:19 2019 - compiled with version: 6.3.0 20170516 on 17 March 2018 15:41:47
Tue May 21 13:51:19 2019 - os: Linux-4.9.0-8-amd64 #1 SMP Debian 4.9.110-3+deb9u6 (2018-10-08)
Tue May 21 13:51:19 2019 - nodename: cobalt
Tue May 21 13:51:19 2019 - machine: x86_64
Tue May 21 13:51:19 2019 - clock source: unix
Tue May 21 13:51:19 2019 - pcre jit disabled
Tue May 21 13:51:19 2019 - detected number of CPU cores: 12
Tue May 21 13:51:19 2019 - current working directory: /home/hosting_edirab/projects/basyapinkman-python-uwsgi
Tue May 21 13:51:19 2019 - writing pidfile to /var/run/uwsgi/hosting_edirab/basyapinkman-python-uwsgi.edirab.pid
Tue May 21 13:51:19 2019 - detected binary path: /usr/bin/uwsgi-core
Tue May 21 13:51:19 2019 - chdir() to /home/hosting_edirab/projects/basyapinkman-python-uwsgi
Tue May 21 13:51:19 2019 - your processes number limit is 80
Tue May 21 13:51:19 2019 - your memory page size is 4096 bytes
Tue May 21 13:51:19 2019 - detected max file descriptor number: 1024
Tue May 21 13:51:19 2019 - lock engine: pthread robust mutexes
Tue May 21 13:51:19 2019 - thunder lock: disabled (you can enable it with --thunder-lock)
Tue May 21 13:51:19 2019 - uwsgi socket 0 bound to UNIX address /var/sockets/hosting_edirab/basyapinkman-python-uwsgi.edirab.sock fd 3
Tue May 21 13:51:19 2019 - Python version: 3.5.3 (default, Sep 27 2018, 17:25:39)  [GCC 6.3.0 20170516]
Tue May 21 13:51:19 2019 - Set PythonHome to /home/hosting_edirab/projects/basyapinkman-python-uwsgi/env
Tue May 21 13:51:19 2019 - Python main interpreter initialized at 0x55b6816f1860
Tue May 21 13:51:19 2019 - python threads support enabled
Tue May 21 13:51:19 2019 - your server socket listen backlog is limited to 100 connections
Tue May 21 13:51:19 2019 - your mercy for graceful operations on workers is 60 seconds
Tue May 21 13:51:19 2019 - mapped 304320 bytes (297 KB) for 2 cores
Tue May 21 13:51:19 2019 - *** Operational MODE: preforking ***
Tue May 21 10:51:20 2019 - WSGI app 0 (mountpoint='') ready in 1 seconds on interpreter 0x55b6816f1860 pid: 10204 (default app)
Tue May 21 10:51:20 2019 - *** uWSGI is running in multiple interpreter mode ***
Tue May 21 10:51:20 2019 - spawned uWSGI master process (pid: 10204)
Tue May 21 10:51:20 2019 - spawned uWSGI worker 1 (pid: 10213, cores: 1)
Tue May 21 10:51:20 2019 - spawned uWSGI worker 2 (pid: 10214, cores: 1)
